RUN	io.gatling.demo.RecordedSimulation	recordedsimulation	1715532205908	 	3.11.2
USER	RecordedSimulation	START	1715532206655
REQUEST		request_0	1715532206652	1715532206687	OK	 
REQUEST		request_0 Redirect 1	1715532206693	1715532206707	OK	 
REQUEST		request_0 Redirect 2	1715532206711	1715532206730	OK	 
REQUEST		5ab05d5e6c3900c7.css	1715532206766	1715532206782	OK	 
REQUEST		main-app-074144f751678bfb.js	1715532206767	1715532206810	OK	 
REQUEST		932-39197822ccb23872.js	1715532206811	1715532206827	OK	 
REQUEST		739-12480a1e7e58c1e1.js	1715532206786	1715532206839	OK	 
REQUEST		41ade5dc-cf0261f5e919d330.js	1715532206767	1715532206853	OK	 
REQUEST		381-372d3069c487c8b3.js	1715532206767	1715532206858	OK	 
REQUEST		fd9d1056-84ae4bb5d973de0d.js	1715532206766	1715532206860	OK	 
REQUEST		405-283d170337534494.js	1715532206828	1715532206863	OK	 
REQUEST		681-5723c9bf092a9057.js	1715532206840	1715532206864	OK	 
REQUEST		23-8d8c56c513082ab9.js	1715532206767	1715532206866	OK	 
REQUEST		9-44dd672eca12265a.js	1715532206858	1715532206886	OK	 
REQUEST		page-36d79ba0b355645d.js	1715532206863	1715532206887	OK	 
REQUEST		favicon.png	1715532206864	1715532206893	KO	status.find.in([200, 209], 304), found 404
REQUEST		850-d1d0496122b8b001.js	1715532206860	1715532206896	OK	 
REQUEST		polyfills-78c92fac7aa8fdd8.js	1715532206866	1715532206898	OK	 
REQUEST		webpack-1214e4bd8911037e.js	1715532206886	1715532206906	OK	 
REQUEST		request_1	1715532206887	1715532206907	OK	 
REQUEST		request_3	1715532206897	1715532206912	OK	 
REQUEST		request_2	1715532206896	1715532206919	OK	 
REQUEST		request_8	1715532206919	1715532206938	OK	 
REQUEST		request_9	1715532206938	1715532206951	OK	 
REQUEST		request_4	1715532206898	1715532206964	OK	 
REQUEST		request_10	1715532206952	1715532206986	OK	 
REQUEST		request_11	1715532206964	1715532206988	OK	 
REQUEST		17-de56114266b18982.js	1715532206853	1715532206994	OK	 
REQUEST		request_12	1715532206986	1715532207000	OK	 
REQUEST		request_14	1715532206994	1715532207020	OK	 
REQUEST		request_15	1715532207001	1715532207023	OK	 
REQUEST		request_16	1715532207021	1715532207034	OK	 
REQUEST		request_5	1715532206907	1715532207038	OK	 
REQUEST		request_18	1715532207023	1715532207041	OK	 
REQUEST		request_13	1715532206988	1715532207123	OK	 
REQUEST		request_6	1715532206908	1715532207200	OK	 
REQUEST		request_7	1715532206913	1715532207216	OK	 
REQUEST		request_19	1715532207034	1715532207367	OK	 
REQUEST		request_20	1715532207369	1715532207380	OK	 
REQUEST		request_20	1715532208397	1715532208408	OK	 
REQUEST		request_20	1715532209417	1715532209429	OK	 
REQUEST		request_23	1715532210434	1715532210460	OK	 
REQUEST		4671540976957fdb.css	1715532210476	1715532210491	OK	 
REQUEST		main-app-58b331b4b5a3b806.js	1715532210477	1715532210496	OK	 
REQUEST		23-858437677129e2c5.js	1715532210477	1715532210503	OK	 
REQUEST		fd9d1056-1fc4b97f93407ee0.js	1715532210476	1715532210512	OK	 
REQUEST		ae06ae70-f1fdcbb8d5cbd108.js	1715532210496	1715532210533	OK	 
REQUEST		a40b642f-31d24f0e0d3ec30a.js	1715532210477	1715532210550	OK	 
REQUEST		affd4379-40283a7253ffe6b6.js	1715532210496	1715532210557	OK	 
REQUEST		355-b93b5b576caa0af7.js	1715532210550	1715532210562	OK	 
REQUEST		78433572-1beef20be77fa092.js	1715532210503	1715532210564	OK	 
REQUEST		90514150-f7cfa3536689d4fc.js	1715532210477	1715532210572	OK	 
REQUEST		38a131f1-ee9f4bd12795e162.js	1715532210513	1715532210573	OK	 
REQUEST		page-9955da5bef0b5561.js	1715532210558	1715532210574	OK	 
REQUEST		layout-1c26154e5ee6f03a.js	1715532210562	1715532210576	OK	 
REQUEST		favicon.ico	1715532210564	1715532210579	OK	 
REQUEST		webpack-facfb64f78722460.js	1715532210574	1715532210597	OK	 
REQUEST		polyfills-78c92fac7aa8fdd8.js	1715532210573	1715532210602	OK	 
REQUEST		844-ceb51d89f841bd91.js	1715532210533	1715532210657	OK	 
REQUEST		image?url=%2F_next%2Fstatic%2Fmedia%2Fcats.aab00cf1.png&w=1080&q=75	1715532210573	1715532211259	OK	 
REQUEST		request_24	1715532211259	1715532211270	OK	 
USER	RecordedSimulation	END	1715532211273
