RUN	io.gatling.demo.RecordedSimulation	recordedsimulation	1715503962688	 	3.11.2
USER	RecordedSimulation	START	1715503963547
REQUEST		request_0	1715503963508	1715503963586	OK	 
REQUEST		request_0 Redirect 1	1715503963593	1715503963606	OK	 
REQUEST		request_0 Redirect 2	1715503963609	1715503963632	OK	 
REQUEST		5ab05d5e6c3900c7.css	1715503963662	1715503963682	OK	 
REQUEST		main-app-074144f751678bfb.js	1715503963663	1715503963704	OK	 
REQUEST		739-12480a1e7e58c1e1.js	1715503963686	1715503963716	OK	 
REQUEST		381-372d3069c487c8b3.js	1715503963664	1715503963725	OK	 
REQUEST		405-283d170337534494.js	1715503963716	1715503963728	OK	 
REQUEST		681-5723c9bf092a9057.js	1715503963725	1715503963753	OK	 
REQUEST		fd9d1056-84ae4bb5d973de0d.js	1715503963663	1715503963756	OK	 
REQUEST		9-44dd672eca12265a.js	1715503963754	1715503963768	OK	 
REQUEST		850-d1d0496122b8b001.js	1715503963756	1715503963769	OK	 
REQUEST		page-36d79ba0b355645d.js	1715503963769	1715503963785	OK	 
REQUEST		favicon.png	1715503963770	1715503963801	KO	status.find.in([200, 209], 304), found 404
REQUEST		23-8d8c56c513082ab9.js	1715503963663	1715503963805	OK	 
REQUEST		webpack-1214e4bd8911037e.js	1715503963805	1715503963819	OK	 
REQUEST		polyfills-78c92fac7aa8fdd8.js	1715503963785	1715503963820	OK	 
REQUEST		request_1	1715503963806	1715503963820	OK	 
REQUEST		17-de56114266b18982.js	1715503963728	1715503963845	OK	 
REQUEST		request_2	1715503963819	1715503963846	OK	 
REQUEST		request_3	1715503963820	1715503963847	OK	 
REQUEST		request_6	1715503963846	1715503963876	OK	 
REQUEST		request_8	1715503963876	1715503963891	OK	 
REQUEST		request_9	1715503963891	1715503963901	OK	 
REQUEST		request_10	1715503963901	1715503963924	OK	 
REQUEST		request_11	1715503963925	1715503963936	OK	 
REQUEST		request_5	1715503963846	1715503963940	OK	 
REQUEST		request_12	1715503963936	1715503963945	OK	 
REQUEST		request_4	1715503963821	1715503963952	OK	 
REQUEST		request_7	1715503963847	1715503963954	OK	 
REQUEST		request_16	1715503963954	1715503963965	OK	 
REQUEST		request_15	1715503963952	1715503963969	OK	 
REQUEST		request_14	1715503963945	1715503963972	OK	 
REQUEST		request_17	1715503963965	1715503963974	OK	 
REQUEST		932-39197822ccb23872.js	1715503963705	1715503963983	OK	 
REQUEST		request_18	1715503963969	1715503963998	OK	 
REQUEST		request_19	1715503963972	1715503964013	OK	 
REQUEST		request_13	1715503963940	1715503964064	OK	 
REQUEST		41ade5dc-cf0261f5e919d330.js	1715503963663	1715503964471	OK	 
REQUEST		request_20	1715503966476	1715503966486	OK	 
REQUEST		request_21	1715503969495	1715503969505	OK	 
REQUEST		request_22	1715503972509	1715503972517	OK	 
REQUEST		request_24	1715503972518	1715503972529	OK	 
REQUEST		request_23	1715503972518	1715503972579	KO	status.find.in([200, 209], 304), found 500
USER	RecordedSimulation	END	1715503972581
